C51 COMPILER V9.60.0.0   DELAY                                                             01/16/2022 15:16:34 PAGE 1   


C51 COMPILER V9.60.0.0, COMPILATION OF MODULE DELAY
OBJECT MODULE PLACED IN .\Objects\delay.obj
COMPILER INVOKED BY: E:\Keil_v5\C51\BIN\C51.EXE User\delay\delay.c OPTIMIZE(8,SPEED) BROWSE INCDIR(.\User) DEBUG OBJECTE
                    -XTEND PRINT(.\Listings\delay.lst) TABS(2) OBJECT(.\Objects\delay.obj)

line level    source

   1          #include "delay/delay.h"
   2          
   3          
   4          void Delay500ms()   //@11.0592MHz
   5          {
   6   1        unsigned char i, j, k;
   7   1      
   8   1        i = 22;
   9   1        j = 3;
  10   1        k = 227;
  11   1        do
  12   1        {
  13   2          do
  14   2          {
  15   3            while (--k);
  16   3          } while (--j);
  17   2        } while (--i);
  18   1      }
  19          
  20          
  21          


MODULE INFORMATION:   STATIC OVERLAYABLE
   CODE SIZE        =     13    ----
   CONSTANT SIZE    =   ----    ----
   XDATA SIZE       =   ----    ----
   PDATA SIZE       =   ----    ----
   DATA SIZE        =   ----    ----
   IDATA SIZE       =   ----    ----
   BIT SIZE         =   ----    ----
END OF MODULE INFORMATION.


C51 COMPILATION COMPLETE.  0 WARNING(S),  0 ERROR(S)
